Mon, 22/04/2019 14:07:51 - Genie Search API
Mon, 22/04/2019 14:07:51 - 
Mon, 22/04/2019 14:07:51 - file:/C:/Users/adrianocarv/.m2/repository/br/unifesp/ict/seg/genie-search-api/1.5.0/genie-search-api-1.5.0.jar!/geniesearchapi.properties
Mon, 22/04/2019 14:07:51 - 
Mon, 22/04/2019 14:07:51 - input-repo = D:\Sourcerer_portable\repositories\sf_110
Mon, 22/04/2019 14:07:51 - database-url = jdbc:mysql://localhost:3306/sf_110
Mon, 22/04/2019 14:07:51 - database-user = root
Mon, 22/04/2019 14:07:51 - database-password = ***
Mon, 22/04/2019 14:07:51 - webserver-url = http://localhost:8080
Mon, 22/04/2019 14:07:51 - 
Mon, 22/04/2019 14:07:51 - Genie Search API
Mon, 22/04/2019 14:07:51 - 
Mon, 22/04/2019 14:07:52 - 
Mon, 22/04/2019 14:07:52 - Solr OFFLINE: http://localhost:8080/solr
Mon, 22/04/2019 14:07:52 - 
Mon, 22/04/2019 14:07:53 - 
Mon, 22/04/2019 14:07:53 - Solr OFFLINE: http://localhost:8080/solr
Mon, 22/04/2019 14:07:53 - 
Mon, 22/04/2019 14:10:34 - Genie Search API
Mon, 22/04/2019 14:10:34 - 
Mon, 22/04/2019 14:10:34 - file:/C:/Users/adrianocarv/.m2/repository/br/unifesp/ict/seg/genie-search-api/1.5.0/genie-search-api-1.5.0.jar!/geniesearchapi.properties
Mon, 22/04/2019 14:10:34 - 
Mon, 22/04/2019 14:10:34 - input-repo = D:\Sourcerer_portable\repositories\sf_110
Mon, 22/04/2019 14:10:34 - database-url = jdbc:mysql://localhost:3306/sf_110
Mon, 22/04/2019 14:10:34 - database-user = root
Mon, 22/04/2019 14:10:34 - database-password = ***
Mon, 22/04/2019 14:10:34 - webserver-url = http://localhost:8080
Mon, 22/04/2019 14:10:34 - 
Mon, 22/04/2019 14:10:34 - Genie Search API
Mon, 22/04/2019 14:10:34 - 
Mon, 22/04/2019 14:10:34 - 
Mon, 22/04/2019 14:10:34 - Solr Index Path esperado   : D:\Sourcerer_portable\repositories\sf_110\solr-repo\data\index
Mon, 22/04/2019 14:10:34 - Solr Index Path configurado: D:\Sourcerer_portable\repositories\test_repo\solr-repo\data\index
Mon, 22/04/2019 14:10:34 - 
