Ter, 16/06/2020 10:03:19 - 
Ter, 16/06/2020 10:03:19 - Genie Search API
Ter, 16/06/2020 10:03:19 - 
Ter, 16/06/2020 10:03:19 - Arquivo de configuração: D:/GitHub/i-code-genie/target/classes/geniesearchapi.properties
Ter, 16/06/2020 10:03:19 - 
Ter, 16/06/2020 10:03:19 - input-repo = R:\sourcerer_portable\repositories\github_550
Ter, 16/06/2020 10:03:19 - database-url = jdbc:mysql://localhost:3306/github_550
Ter, 16/06/2020 10:03:19 - database-user = root
Ter, 16/06/2020 10:03:19 - database-password = ***
Ter, 16/06/2020 10:03:19 - webserver-url = http://localhost:8080
Ter, 16/06/2020 10:03:19 - 
Ter, 16/06/2020 10:03:19 - Genie Search API
Ter, 16/06/2020 10:03:19 - 
Ter, 16/06/2020 11:15:57 - 
Ter, 16/06/2020 11:15:57 - Genie Search API
Ter, 16/06/2020 11:15:57 - 
Ter, 16/06/2020 11:15:57 - Arquivo de configuração: D:/GitHub/i-code-genie/target/classes/geniesearchapi.properties
Ter, 16/06/2020 11:15:57 - 
Ter, 16/06/2020 11:15:57 - input-repo = R:\sourcerer_portable\repositories\github_550_ne
Ter, 16/06/2020 11:15:57 - database-url = jdbc:mysql://localhost:3306/github_550_ne
Ter, 16/06/2020 11:15:57 - database-user = root
Ter, 16/06/2020 11:15:57 - database-password = ***
Ter, 16/06/2020 11:15:57 - webserver-url = http://localhost:8080
Ter, 16/06/2020 11:15:57 - 
Ter, 16/06/2020 11:15:57 - Genie Search API
Ter, 16/06/2020 11:15:57 - 
Ter, 16/06/2020 11:15:57 - 
Ter, 16/06/2020 11:15:57 - Solr Index Path esperado   : R:\sourcerer_portable\repositories\github_550_ne\solr-repo\data\index
Ter, 16/06/2020 11:15:57 - Solr Index Path configurado: R:\sourcerer_portable\repositories\github_550\solr-repo\data\index
Ter, 16/06/2020 11:15:57 - 
Ter, 16/06/2020 11:16:33 - 
Ter, 16/06/2020 11:16:33 - Genie Search API
Ter, 16/06/2020 11:16:33 - 
Ter, 16/06/2020 11:16:33 - Arquivo de configuração: D:/GitHub/i-code-genie/target/classes/geniesearchapi.properties
Ter, 16/06/2020 11:16:33 - 
Ter, 16/06/2020 11:16:33 - input-repo = R:\sourcerer_portable\repositories\github_550_ne
Ter, 16/06/2020 11:16:33 - database-url = jdbc:mysql://localhost:3306/github_550_ne
Ter, 16/06/2020 11:16:33 - database-user = root
Ter, 16/06/2020 11:16:33 - database-password = ***
Ter, 16/06/2020 11:16:33 - webserver-url = http://localhost:8080
Ter, 16/06/2020 11:16:33 - 
Ter, 16/06/2020 11:16:33 - Genie Search API
Ter, 16/06/2020 11:16:33 - 
Ter, 16/06/2020 11:16:33 - 
Ter, 16/06/2020 11:16:33 - Solr Index Path esperado   : R:\sourcerer_portable\repositories\github_550_ne\solr-repo\data\index
Ter, 16/06/2020 11:16:33 - Solr Index Path configurado: R:\sourcerer_portable\repositories\github_550\solr-repo\data\index
Ter, 16/06/2020 11:16:33 - 
Ter, 16/06/2020 11:23:30 - 
Ter, 16/06/2020 11:23:30 - Genie Search API
Ter, 16/06/2020 11:23:30 - 
Ter, 16/06/2020 11:23:30 - Arquivo de configuração: D:/GitHub/i-code-genie/target/classes/geniesearchapi.properties
Ter, 16/06/2020 11:23:30 - 
Ter, 16/06/2020 11:23:30 - input-repo = R:\sourcerer_portable\repositories\github_550_ne
Ter, 16/06/2020 11:23:30 - database-url = jdbc:mysql://localhost:3306/github_550_ne
Ter, 16/06/2020 11:23:30 - database-user = root
Ter, 16/06/2020 11:23:30 - database-password = ***
Ter, 16/06/2020 11:23:30 - webserver-url = http://localhost:8080
Ter, 16/06/2020 11:23:30 - 
Ter, 16/06/2020 11:23:30 - Genie Search API
Ter, 16/06/2020 11:23:30 - 
