Tue, 23/04/2019 09:47:44 - Genie Search API
Tue, 23/04/2019 09:47:44 - 
Tue, 23/04/2019 09:47:44 - file:/C:/Users/adrianocarv/.m2/repository/br/unifesp/ict/seg/genie-search-api/1.5.0/genie-search-api-1.5.0.jar!/geniesearchapi.properties
Tue, 23/04/2019 09:47:44 - 
Tue, 23/04/2019 09:47:44 - input-repo = D:\Sourcerer_portable\repositories\sf_110
Tue, 23/04/2019 09:47:44 - database-url = jdbc:mysql://localhost:3306/sf_110
Tue, 23/04/2019 09:47:44 - database-user = root
Tue, 23/04/2019 09:47:44 - database-password = ***
Tue, 23/04/2019 09:47:44 - webserver-url = http://localhost:8080
Tue, 23/04/2019 09:47:44 - 
Tue, 23/04/2019 09:47:44 - Genie Search API
Tue, 23/04/2019 09:47:44 - 
Tue, 23/04/2019 09:47:45 - 
Tue, 23/04/2019 09:47:45 - Solr OFFLINE: http://localhost:8080/solr
Tue, 23/04/2019 09:47:45 - 
Tue, 23/04/2019 09:47:46 - 
Tue, 23/04/2019 09:47:46 - Solr OFFLINE: http://localhost:8080/solr
Tue, 23/04/2019 09:47:46 - 
Tue, 23/04/2019 09:54:55 - Genie Search API
Tue, 23/04/2019 09:54:55 - 
Tue, 23/04/2019 09:54:55 - file:/C:/Users/adrianocarv/.m2/repository/br/unifesp/ict/seg/genie-search-api/1.5.0/genie-search-api-1.5.0.jar!/geniesearchapi.properties
Tue, 23/04/2019 09:54:55 - 
Tue, 23/04/2019 09:54:55 - input-repo = D:\Sourcerer_portable\repositories\sf_110
Tue, 23/04/2019 09:54:55 - database-url = jdbc:mysql://localhost:3306/sf_110
Tue, 23/04/2019 09:54:55 - database-user = root
Tue, 23/04/2019 09:54:55 - database-password = ***
Tue, 23/04/2019 09:54:55 - webserver-url = http://localhost:8080
Tue, 23/04/2019 09:54:55 - 
Tue, 23/04/2019 09:54:55 - Genie Search API
Tue, 23/04/2019 09:54:55 - 
Tue, 23/04/2019 09:54:55 - 
Tue, 23/04/2019 09:54:55 - Solr Index Path esperado   : D:\Sourcerer_portable\repositories\sf_110\solr-repo\data\index
Tue, 23/04/2019 09:54:55 - Solr Index Path configurado: D:\Sourcerer_portable\repositories\test_repo\solr-repo\data\index
Tue, 23/04/2019 09:54:55 - 
Tue, 23/04/2019 10:09:18 - Genie Search API
Tue, 23/04/2019 10:09:18 - 
Tue, 23/04/2019 10:09:18 - file:/C:/Users/adrianocarv/.m2/repository/br/unifesp/ict/seg/genie-search-api/1.5.0/genie-search-api-1.5.0.jar!/geniesearchapi.properties
Tue, 23/04/2019 10:09:18 - 
Tue, 23/04/2019 10:09:18 - input-repo = D:\Sourcerer_portable\repositories\sf_110
Tue, 23/04/2019 10:09:18 - database-url = jdbc:mysql://localhost:3306/sf_110
Tue, 23/04/2019 10:09:18 - database-user = root
Tue, 23/04/2019 10:09:18 - database-password = ***
Tue, 23/04/2019 10:09:18 - webserver-url = http://localhost:8080
Tue, 23/04/2019 10:09:18 - 
Tue, 23/04/2019 10:09:18 - Genie Search API
Tue, 23/04/2019 10:09:18 - 
Tue, 23/04/2019 10:09:18 - 
Tue, 23/04/2019 10:09:18 - Solr Index Path esperado   : D:\Sourcerer_portable\repositories\sf_110\solr-repo\data\index
Tue, 23/04/2019 10:09:18 - Solr Index Path configurado: D:\Sourcerer_portable\repositories\test_repo\solr-repo\data\index
Tue, 23/04/2019 10:09:18 - 
