Tue, 19/05/2020 12:18:25 - 
Tue, 19/05/2020 12:18:25 - Genie Search API
Tue, 19/05/2020 12:18:25 - 
Tue, 19/05/2020 12:18:25 - Arquivo de configuração: C:/GitHub/i-code-genie/target/classes/geniesearchapi.properties
Tue, 19/05/2020 12:18:25 - 
Tue, 19/05/2020 12:18:25 - input-repo = D:\Sourcerer_portable\repositories\test_repo
Tue, 19/05/2020 12:18:25 - database-url = jdbc:mysql://localhost:3306/test_repo
Tue, 19/05/2020 12:18:25 - database-user = root
Tue, 19/05/2020 12:18:25 - database-password = ***
Tue, 19/05/2020 12:18:25 - webserver-url = http://localhost:8080
Tue, 19/05/2020 12:18:25 - 
Tue, 19/05/2020 12:18:25 - Genie Search API
Tue, 19/05/2020 12:18:25 - 
Tue, 19/05/2020 12:18:26 - 
Tue, 19/05/2020 12:18:26 - Solr Index Path esperado   : D:\Sourcerer_portable\repositories\test_repo\solr-repo\data\index
Tue, 19/05/2020 12:18:26 - Solr Index Path configurado: F:\sourcerer_portable\repositories\test_repo\solr-repo\data\index
Tue, 19/05/2020 12:18:26 - 
Tue, 19/05/2020 12:26:46 - 
Tue, 19/05/2020 12:26:46 - Genie Search API
Tue, 19/05/2020 12:26:46 - 
Tue, 19/05/2020 12:26:46 - Arquivo de configuração: C:/GitHub/i-code-genie/target/classes/geniesearchapi.properties
Tue, 19/05/2020 12:26:46 - 
Tue, 19/05/2020 12:26:46 - input-repo = F:\sourcerer_portable\repositories\test_repo
Tue, 19/05/2020 12:26:46 - database-url = jdbc:mysql://localhost:3306/test_repo
Tue, 19/05/2020 12:26:46 - database-user = root
Tue, 19/05/2020 12:26:46 - database-password = ***
Tue, 19/05/2020 12:26:46 - webserver-url = http://localhost:8080
Tue, 19/05/2020 12:26:46 - 
Tue, 19/05/2020 12:26:46 - Genie Search API
Tue, 19/05/2020 12:26:46 - 
Tue, 19/05/2020 12:27:12 - 
Tue, 19/05/2020 12:27:12 - Genie Search API
Tue, 19/05/2020 12:27:12 - 
Tue, 19/05/2020 12:27:12 - Arquivo de configuração: C:/GitHub/i-code-genie/target/classes/geniesearchapi.properties
Tue, 19/05/2020 12:27:12 - 
Tue, 19/05/2020 12:27:12 - input-repo = F:\sourcerer_portable\repositories\test_repo
Tue, 19/05/2020 12:27:12 - database-url = jdbc:mysql://localhost:3306/test_repo
Tue, 19/05/2020 12:27:12 - database-user = root
Tue, 19/05/2020 12:27:12 - database-password = ***
Tue, 19/05/2020 12:27:12 - webserver-url = http://localhost:8080
Tue, 19/05/2020 12:27:12 - 
Tue, 19/05/2020 12:27:12 - Genie Search API
Tue, 19/05/2020 12:27:12 - 
Tue, 19/05/2020 12:31:44 - 
Tue, 19/05/2020 12:31:44 - Genie Search API
Tue, 19/05/2020 12:31:44 - 
Tue, 19/05/2020 12:31:44 - Arquivo de configuração: C:/GitHub/i-code-genie/target/classes/geniesearchapi.properties
Tue, 19/05/2020 12:31:44 - 
Tue, 19/05/2020 12:31:44 - input-repo = F:\sourcerer_portable\repositories\test_repo
Tue, 19/05/2020 12:31:44 - database-url = jdbc:mysql://localhost:3306/test_repo
Tue, 19/05/2020 12:31:44 - database-user = root
Tue, 19/05/2020 12:31:44 - database-password = ***
Tue, 19/05/2020 12:31:44 - webserver-url = http://localhost:8080
Tue, 19/05/2020 12:31:44 - 
Tue, 19/05/2020 12:31:44 - Genie Search API
Tue, 19/05/2020 12:31:44 - 
Tue, 19/05/2020 12:32:47 - 
Tue, 19/05/2020 12:32:47 - Genie Search API
Tue, 19/05/2020 12:32:47 - 
Tue, 19/05/2020 12:32:47 - Arquivo de configuração: C:/GitHub/i-code-genie/target/classes/geniesearchapi.properties
Tue, 19/05/2020 12:32:47 - 
Tue, 19/05/2020 12:32:47 - input-repo = F:\sourcerer_portable\repositories\test_repo
Tue, 19/05/2020 12:32:47 - database-url = jdbc:mysql://localhost:3306/test_repo
Tue, 19/05/2020 12:32:47 - database-user = root
Tue, 19/05/2020 12:32:47 - database-password = ***
Tue, 19/05/2020 12:32:47 - webserver-url = http://localhost:8080
Tue, 19/05/2020 12:32:47 - 
Tue, 19/05/2020 12:32:47 - Genie Search API
Tue, 19/05/2020 12:32:47 - 
