Qua, 20/05/2020 15:53:54 - 
Qua, 20/05/2020 15:53:54 - Genie Search API
Qua, 20/05/2020 15:53:54 - 
Qua, 20/05/2020 15:53:54 - Arquivo de configuração: C:/GitHub/i-code-genie/target/classes/geniesearchapi.properties
Qua, 20/05/2020 15:53:54 - 
Qua, 20/05/2020 15:53:54 - input-repo = F:\sourcerer_portable\repositories\test_repo
Qua, 20/05/2020 15:53:54 - database-url = jdbc:mysql://localhost:3306/test_repo
Qua, 20/05/2020 15:53:54 - database-user = root
Qua, 20/05/2020 15:53:54 - database-password = ***
Qua, 20/05/2020 15:53:54 - webserver-url = http://localhost:8080
Qua, 20/05/2020 15:53:54 - 
Qua, 20/05/2020 15:53:54 - Genie Search API
Qua, 20/05/2020 15:53:54 - 
Qua, 20/05/2020 15:54:41 - Entity_id: 103045 Getting source code...
Qua, 20/05/2020 15:54:44 - Entity_id: 105988 Getting source code...
Qua, 20/05/2020 15:54:44 - Entity_id: 133950 Getting source code...
Qua, 20/05/2020 15:54:45 - Entity_id: 134157 Getting source code...
Qua, 20/05/2020 15:54:46 - Entity_id: 134373 Getting source code...
Qua, 20/05/2020 15:55:16 - Entity_id: 103045 Getting source code...
Qua, 20/05/2020 15:55:39 - Entity_id: 103046 Getting source code...
Qua, 20/05/2020 15:56:08 - Entity_id: 105276 Getting source code...
Qua, 20/05/2020 15:56:31 - Entity_id: 105276 Executing method...
Qua, 20/05/2020 15:56:31 - Entity_id: 105276 Generating compiled jar...
Qua, 20/05/2020 15:56:31 - Entity_id: 105276 Slicing...
Qua, 20/05/2020 15:56:35 - Entity_id: 105276 Extracting sliced zip file...
Qua, 20/05/2020 15:56:35 - Entity_id: 105276 Generating Build.xml...
Qua, 20/05/2020 16:02:50 - 
Qua, 20/05/2020 16:02:50 - Genie Search API
Qua, 20/05/2020 16:02:50 - 
Qua, 20/05/2020 16:02:50 - Arquivo de configuração: C:/GitHub/i-code-genie/target/classes/geniesearchapi.properties
Qua, 20/05/2020 16:02:50 - 
Qua, 20/05/2020 16:02:50 - input-repo = F:\sourcerer_portable\repositories\test_repo
Qua, 20/05/2020 16:02:50 - database-url = jdbc:mysql://localhost:3306/test_repo
Qua, 20/05/2020 16:02:50 - database-user = root
Qua, 20/05/2020 16:02:50 - database-password = ***
Qua, 20/05/2020 16:02:50 - webserver-url = http://localhost:8080
Qua, 20/05/2020 16:02:50 - 
Qua, 20/05/2020 16:02:50 - Genie Search API
Qua, 20/05/2020 16:02:50 - 
