Tue, 07/05/2019 08:45:35 - 
Tue, 07/05/2019 08:45:35 - Genie Search API
Tue, 07/05/2019 08:45:35 - 
Tue, 07/05/2019 08:45:35 - Arquivo de configuração: C:/GitHub/i-code-genie/target/classes/geniesearchapi.properties
Tue, 07/05/2019 08:45:35 - 
Tue, 07/05/2019 08:45:35 - input-repo = D:\Sourcerer_portable\repositories\test_repo
Tue, 07/05/2019 08:45:35 - database-url = jdbc:mysql://localhost:3306/test_repo
Tue, 07/05/2019 08:45:35 - database-user = root
Tue, 07/05/2019 08:45:35 - database-password = ***
Tue, 07/05/2019 08:45:35 - webserver-url = http://localhost:8080
Tue, 07/05/2019 08:45:35 - 
Tue, 07/05/2019 08:45:35 - Genie Search API
Tue, 07/05/2019 08:45:35 - 
Tue, 07/05/2019 08:45:42 - Entity_id: 869186 Getting source code...
Tue, 07/05/2019 08:45:42 - Entity_id: 869186 Getting source code...
Tue, 07/05/2019 08:45:42 - Entity_id: 869186 Getting source code...
Tue, 07/05/2019 08:45:43 - Entity_id: 869186 Getting source code...
Tue, 07/05/2019 08:46:57 - 
Tue, 07/05/2019 08:46:57 - Genie Search API
Tue, 07/05/2019 08:46:57 - 
Tue, 07/05/2019 08:46:57 - Arquivo de configuração: C:/GitHub/i-code-genie/target/classes/geniesearchapi.properties
Tue, 07/05/2019 08:46:57 - 
Tue, 07/05/2019 08:46:57 - input-repo = D:\Sourcerer_portable\repositories\test_repo
Tue, 07/05/2019 08:46:57 - database-url = jdbc:mysql://localhost:3306/test_repo
Tue, 07/05/2019 08:46:57 - database-user = root
Tue, 07/05/2019 08:46:57 - database-password = ***
Tue, 07/05/2019 08:46:57 - webserver-url = http://localhost:8080
Tue, 07/05/2019 08:46:57 - 
Tue, 07/05/2019 08:46:57 - Genie Search API
Tue, 07/05/2019 08:46:57 - 
Tue, 07/05/2019 08:48:47 - 
Tue, 07/05/2019 08:48:47 - Genie Search API
Tue, 07/05/2019 08:48:47 - 
Tue, 07/05/2019 08:48:47 - Arquivo de configuração: C:/GitHub/i-code-genie/target/classes/geniesearchapi.properties
Tue, 07/05/2019 08:48:47 - 
Tue, 07/05/2019 08:48:47 - input-repo = D:\Sourcerer_portable\repositories\test_repo
Tue, 07/05/2019 08:48:47 - database-url = jdbc:mysql://localhost:3306/test_repo
Tue, 07/05/2019 08:48:47 - database-user = root
Tue, 07/05/2019 08:48:47 - database-password = ***
Tue, 07/05/2019 08:48:47 - webserver-url = http://localhost:8080
Tue, 07/05/2019 08:48:47 - 
Tue, 07/05/2019 08:48:47 - Genie Search API
Tue, 07/05/2019 08:48:47 - 
Tue, 07/05/2019 08:48:52 - Entity_id: 869186 Getting source code...
Tue, 07/05/2019 08:50:01 - 
Tue, 07/05/2019 08:50:01 - Genie Search API
Tue, 07/05/2019 08:50:01 - 
Tue, 07/05/2019 08:50:01 - Arquivo de configuração: C:/GitHub/i-code-genie/target/classes/geniesearchapi.properties
Tue, 07/05/2019 08:50:01 - 
Tue, 07/05/2019 08:50:01 - input-repo = D:\Sourcerer_portable\repositories\test_repo
Tue, 07/05/2019 08:50:01 - database-url = jdbc:mysql://localhost:3306/test_repo
Tue, 07/05/2019 08:50:01 - database-user = root
Tue, 07/05/2019 08:50:01 - database-password = ***
Tue, 07/05/2019 08:50:01 - webserver-url = http://localhost:8080
Tue, 07/05/2019 08:50:01 - 
Tue, 07/05/2019 08:50:01 - Genie Search API
Tue, 07/05/2019 08:50:01 - 
Tue, 07/05/2019 08:50:02 - Entity_id: 869186 Getting source code...
Tue, 07/05/2019 08:55:34 - 
Tue, 07/05/2019 08:55:34 - Genie Search API
Tue, 07/05/2019 08:55:34 - 
Tue, 07/05/2019 08:55:34 - Arquivo de configuração: C:/GitHub/i-code-genie/target/classes/geniesearchapi.properties
Tue, 07/05/2019 08:55:34 - 
Tue, 07/05/2019 08:55:34 - input-repo = D:\Sourcerer_portable\repositories\test_repo
Tue, 07/05/2019 08:55:34 - database-url = jdbc:mysql://localhost:3306/test_repo
Tue, 07/05/2019 08:55:34 - database-user = root
Tue, 07/05/2019 08:55:34 - database-password = ***
Tue, 07/05/2019 08:55:34 - webserver-url = http://localhost:8080
Tue, 07/05/2019 08:55:34 - 
Tue, 07/05/2019 08:55:34 - Genie Search API
Tue, 07/05/2019 08:55:34 - 
Tue, 07/05/2019 08:55:36 - Entity_id: 869186 Getting source code...
Tue, 07/05/2019 08:56:45 - 
Tue, 07/05/2019 08:56:45 - Genie Search API
Tue, 07/05/2019 08:56:45 - 
Tue, 07/05/2019 08:56:45 - Arquivo de configuração: C:/GitHub/i-code-genie/target/classes/geniesearchapi.properties
Tue, 07/05/2019 08:56:45 - 
Tue, 07/05/2019 08:56:45 - input-repo = D:\Sourcerer_portable\repositories\test_repo
Tue, 07/05/2019 08:56:45 - database-url = jdbc:mysql://localhost:3306/test_repo
Tue, 07/05/2019 08:56:45 - database-user = root
Tue, 07/05/2019 08:56:45 - database-password = ***
Tue, 07/05/2019 08:56:45 - webserver-url = http://localhost:8080
Tue, 07/05/2019 08:56:45 - 
Tue, 07/05/2019 08:56:45 - Genie Search API
Tue, 07/05/2019 08:56:45 - 
Tue, 07/05/2019 08:56:54 - 
Tue, 07/05/2019 08:56:54 - Genie Search API
Tue, 07/05/2019 08:56:54 - 
Tue, 07/05/2019 08:56:54 - Arquivo de configuração: C:/GitHub/i-code-genie/target/classes/geniesearchapi.properties
Tue, 07/05/2019 08:56:54 - 
Tue, 07/05/2019 08:56:54 - input-repo = D:\Sourcerer_portable\repositories\test_repo
Tue, 07/05/2019 08:56:54 - database-url = jdbc:mysql://localhost:3306/test_repo
Tue, 07/05/2019 08:56:54 - database-user = root
Tue, 07/05/2019 08:56:54 - database-password = ***
Tue, 07/05/2019 08:56:54 - webserver-url = http://localhost:8080
Tue, 07/05/2019 08:56:54 - 
Tue, 07/05/2019 08:56:54 - Genie Search API
Tue, 07/05/2019 08:56:54 - 
Tue, 07/05/2019 09:00:40 - Entity_id: 869186 Getting source code...
Tue, 07/05/2019 09:01:53 - 
Tue, 07/05/2019 09:01:53 - Genie Search API
Tue, 07/05/2019 09:01:53 - 
Tue, 07/05/2019 09:01:53 - Arquivo de configuração: C:/GitHub/i-code-genie/target/classes/geniesearchapi.properties
Tue, 07/05/2019 09:01:53 - 
Tue, 07/05/2019 09:01:53 - input-repo = D:\Sourcerer_portable\repositories\test_repo
Tue, 07/05/2019 09:01:53 - database-url = jdbc:mysql://localhost:3306/test_repo
Tue, 07/05/2019 09:01:53 - database-user = root
Tue, 07/05/2019 09:01:53 - database-password = ***
Tue, 07/05/2019 09:01:53 - webserver-url = http://localhost:8080
Tue, 07/05/2019 09:01:53 - 
Tue, 07/05/2019 09:01:53 - Genie Search API
Tue, 07/05/2019 09:01:53 - 
Tue, 07/05/2019 09:02:32 - 
Tue, 07/05/2019 09:02:32 - Genie Search API
Tue, 07/05/2019 09:02:32 - 
Tue, 07/05/2019 09:02:32 - Arquivo de configuração: C:/GitHub/i-code-genie/target/classes/geniesearchapi.properties
Tue, 07/05/2019 09:02:32 - 
Tue, 07/05/2019 09:02:32 - input-repo = D:\Sourcerer_portable\repositories\test_repo
Tue, 07/05/2019 09:02:32 - database-url = jdbc:mysql://localhost:3306/test_repo
Tue, 07/05/2019 09:02:32 - database-user = root
Tue, 07/05/2019 09:02:32 - database-password = ***
Tue, 07/05/2019 09:02:32 - webserver-url = http://localhost:8080
Tue, 07/05/2019 09:02:32 - 
Tue, 07/05/2019 09:02:32 - Genie Search API
Tue, 07/05/2019 09:02:32 - 
Tue, 07/05/2019 09:02:34 - Entity_id: 869186 Getting source code...
Tue, 07/05/2019 09:02:59 - 
Tue, 07/05/2019 09:02:59 - Genie Search API
Tue, 07/05/2019 09:02:59 - 
Tue, 07/05/2019 09:02:59 - Arquivo de configuração: C:/GitHub/i-code-genie/target/classes/geniesearchapi.properties
Tue, 07/05/2019 09:02:59 - 
Tue, 07/05/2019 09:02:59 - input-repo = D:\Sourcerer_portable\repositories\test_repo
Tue, 07/05/2019 09:02:59 - database-url = jdbc:mysql://localhost:3306/test_repo
Tue, 07/05/2019 09:02:59 - database-user = root
Tue, 07/05/2019 09:02:59 - database-password = ***
Tue, 07/05/2019 09:02:59 - webserver-url = http://localhost:8080
Tue, 07/05/2019 09:02:59 - 
Tue, 07/05/2019 09:02:59 - Genie Search API
Tue, 07/05/2019 09:02:59 - 
Tue, 07/05/2019 09:03:00 - Entity_id: 869186 Getting source code...
Tue, 07/05/2019 09:03:19 - Entity_id: 869186 Getting source code...
Tue, 07/05/2019 09:03:59 - 
Tue, 07/05/2019 09:03:59 - Genie Search API
Tue, 07/05/2019 09:03:59 - 
Tue, 07/05/2019 09:03:59 - Arquivo de configuração: C:/GitHub/i-code-genie/target/classes/geniesearchapi.properties
Tue, 07/05/2019 09:03:59 - 
Tue, 07/05/2019 09:03:59 - input-repo = D:\Sourcerer_portable\repositories\test_repo
Tue, 07/05/2019 09:03:59 - database-url = jdbc:mysql://localhost:3306/test_repo
Tue, 07/05/2019 09:03:59 - database-user = root
Tue, 07/05/2019 09:03:59 - database-password = ***
Tue, 07/05/2019 09:03:59 - webserver-url = http://localhost:8080
Tue, 07/05/2019 09:03:59 - 
Tue, 07/05/2019 09:03:59 - Genie Search API
Tue, 07/05/2019 09:03:59 - 
Tue, 07/05/2019 09:04:01 - Entity_id: 869186 Getting source code...
Tue, 07/05/2019 09:04:18 - 
Tue, 07/05/2019 09:04:18 - Genie Search API
Tue, 07/05/2019 09:04:18 - 
Tue, 07/05/2019 09:04:18 - Arquivo de configuração: C:/GitHub/i-code-genie/target/classes/geniesearchapi.properties
Tue, 07/05/2019 09:04:18 - 
Tue, 07/05/2019 09:04:18 - input-repo = D:\Sourcerer_portable\repositories\test_repo
Tue, 07/05/2019 09:04:18 - database-url = jdbc:mysql://localhost:3306/test_repo
Tue, 07/05/2019 09:04:18 - database-user = root
Tue, 07/05/2019 09:04:18 - database-password = ***
Tue, 07/05/2019 09:04:18 - webserver-url = http://localhost:8080
Tue, 07/05/2019 09:04:18 - 
Tue, 07/05/2019 09:04:18 - Genie Search API
Tue, 07/05/2019 09:04:18 - 
Tue, 07/05/2019 09:04:20 - Entity_id: 869186 Getting source code...
Tue, 07/05/2019 09:04:25 - Entity_id: 869186 Getting source code...
Tue, 07/05/2019 09:06:06 - 
Tue, 07/05/2019 09:06:06 - Genie Search API
Tue, 07/05/2019 09:06:06 - 
Tue, 07/05/2019 09:06:06 - Arquivo de configuração: C:/GitHub/i-code-genie/target/classes/geniesearchapi.properties
Tue, 07/05/2019 09:06:06 - 
Tue, 07/05/2019 09:06:06 - input-repo = D:\Sourcerer_portable\repositories\test_repo
Tue, 07/05/2019 09:06:06 - database-url = jdbc:mysql://localhost:3306/test_repo
Tue, 07/05/2019 09:06:06 - database-user = root
Tue, 07/05/2019 09:06:06 - database-password = ***
Tue, 07/05/2019 09:06:06 - webserver-url = http://localhost:8080
Tue, 07/05/2019 09:06:06 - 
Tue, 07/05/2019 09:06:06 - Genie Search API
Tue, 07/05/2019 09:06:06 - 
Tue, 07/05/2019 09:06:08 - Entity_id: 869186 Getting source code...
Tue, 07/05/2019 09:06:10 - Entity_id: 869186 Slicing...
Tue, 07/05/2019 09:06:10 - Entity_id: 869186 Generating compiled jar...
Tue, 07/05/2019 09:06:10 - Entity_id: 869186 Slicing...
Tue, 07/05/2019 09:06:10 - Entity_id: 869186 Extracting sliced zip file...
Tue, 07/05/2019 09:06:11 - Entity_id: 869186 Generating Build.xml...
Tue, 07/05/2019 09:07:49 - 
Tue, 07/05/2019 09:07:49 - Genie Search API
Tue, 07/05/2019 09:07:49 - 
Tue, 07/05/2019 09:07:49 - Arquivo de configuração: C:/GitHub/i-code-genie/target/classes/geniesearchapi.properties
Tue, 07/05/2019 09:07:49 - 
Tue, 07/05/2019 09:07:49 - input-repo = D:\Sourcerer_portable\repositories\test_repo
Tue, 07/05/2019 09:07:49 - database-url = jdbc:mysql://localhost:3306/test_repo
Tue, 07/05/2019 09:07:49 - database-user = root
Tue, 07/05/2019 09:07:49 - database-password = ***
Tue, 07/05/2019 09:07:49 - webserver-url = http://localhost:8080
Tue, 07/05/2019 09:07:49 - 
Tue, 07/05/2019 09:07:49 - Genie Search API
Tue, 07/05/2019 09:07:49 - 
Tue, 07/05/2019 09:07:50 - Entity_id: 869186 Getting source code...
Tue, 07/05/2019 09:07:50 - Entity_id: 869186 Getting source code...
Tue, 07/05/2019 09:07:55 - Entity_id: 869186 Slicing...
Tue, 07/05/2019 09:07:55 - Entity_id: 869186 Generating compiled jar...
Tue, 07/05/2019 09:07:55 - Entity_id: 869186 Slicing...
Tue, 07/05/2019 09:07:55 - Entity_id: 869186 Extracting sliced zip file...
Tue, 07/05/2019 09:07:55 - Entity_id: 869186 Generating Build.xml...
Tue, 07/05/2019 09:12:06 - 
Tue, 07/05/2019 09:12:06 - Genie Search API
Tue, 07/05/2019 09:12:06 - 
Tue, 07/05/2019 09:12:06 - Arquivo de configuração: C:/GitHub/i-code-genie/target/classes/geniesearchapi.properties
Tue, 07/05/2019 09:12:06 - 
Tue, 07/05/2019 09:12:06 - input-repo = D:\Sourcerer_portable\repositories\test_repo
Tue, 07/05/2019 09:12:06 - database-url = jdbc:mysql://localhost:3306/test_repo
Tue, 07/05/2019 09:12:06 - database-user = root
Tue, 07/05/2019 09:12:06 - database-password = ***
Tue, 07/05/2019 09:12:06 - webserver-url = http://localhost:8080
Tue, 07/05/2019 09:12:06 - 
Tue, 07/05/2019 09:12:06 - Genie Search API
Tue, 07/05/2019 09:12:06 - 
Tue, 07/05/2019 09:12:09 - 
Tue, 07/05/2019 09:12:09 - Genie Search API
Tue, 07/05/2019 09:12:09 - 
Tue, 07/05/2019 09:12:09 - Arquivo de configuração: C:/GitHub/i-code-genie/target/classes/geniesearchapi.properties
Tue, 07/05/2019 09:12:09 - 
Tue, 07/05/2019 09:12:09 - input-repo = D:\Sourcerer_portable\repositories\test_repo
Tue, 07/05/2019 09:12:09 - database-url = jdbc:mysql://localhost:3306/test_repo
Tue, 07/05/2019 09:12:09 - database-user = root
Tue, 07/05/2019 09:12:09 - database-password = ***
Tue, 07/05/2019 09:12:09 - webserver-url = http://localhost:8080
Tue, 07/05/2019 09:12:09 - 
Tue, 07/05/2019 09:12:09 - Genie Search API
Tue, 07/05/2019 09:12:09 - 
Tue, 07/05/2019 09:12:31 - 
Tue, 07/05/2019 09:12:31 - Genie Search API
Tue, 07/05/2019 09:12:31 - 
Tue, 07/05/2019 09:12:31 - Arquivo de configuração: C:/GitHub/i-code-genie/target/classes/geniesearchapi.properties
Tue, 07/05/2019 09:12:31 - 
Tue, 07/05/2019 09:12:31 - input-repo = D:\Sourcerer_portable\repositories\test_repo
Tue, 07/05/2019 09:12:31 - database-url = jdbc:mysql://localhost:3306/test_repo
Tue, 07/05/2019 09:12:31 - database-user = root
Tue, 07/05/2019 09:12:31 - database-password = ***
Tue, 07/05/2019 09:12:31 - webserver-url = http://localhost:8080
Tue, 07/05/2019 09:12:31 - 
Tue, 07/05/2019 09:12:31 - Genie Search API
Tue, 07/05/2019 09:12:31 - 
Tue, 07/05/2019 09:12:59 - 
Tue, 07/05/2019 09:12:59 - Genie Search API
Tue, 07/05/2019 09:12:59 - 
Tue, 07/05/2019 09:12:59 - Arquivo de configuração: C:/GitHub/i-code-genie/target/classes/geniesearchapi.properties
Tue, 07/05/2019 09:12:59 - 
Tue, 07/05/2019 09:12:59 - input-repo = D:\Sourcerer_portable\repositories\test_repo
Tue, 07/05/2019 09:12:59 - database-url = jdbc:mysql://localhost:3306/test_repo
Tue, 07/05/2019 09:12:59 - database-user = root
Tue, 07/05/2019 09:12:59 - database-password = ***
Tue, 07/05/2019 09:12:59 - webserver-url = http://localhost:8080
Tue, 07/05/2019 09:12:59 - 
Tue, 07/05/2019 09:12:59 - Genie Search API
Tue, 07/05/2019 09:12:59 - 
Tue, 07/05/2019 09:13:07 - Entity_id: 869186 Getting source code...
Tue, 07/05/2019 09:14:51 - 
Tue, 07/05/2019 09:14:51 - Genie Search API
Tue, 07/05/2019 09:14:51 - 
Tue, 07/05/2019 09:14:51 - Arquivo de configuração: C:/GitHub/i-code-genie/target/classes/geniesearchapi.properties
Tue, 07/05/2019 09:14:51 - 
Tue, 07/05/2019 09:14:51 - input-repo = D:\Sourcerer_portable\repositories\test_repo
Tue, 07/05/2019 09:14:51 - database-url = jdbc:mysql://localhost:3306/test_repo
Tue, 07/05/2019 09:14:51 - database-user = root
Tue, 07/05/2019 09:14:51 - database-password = ***
Tue, 07/05/2019 09:14:51 - webserver-url = http://localhost:8080
Tue, 07/05/2019 09:14:51 - 
Tue, 07/05/2019 09:14:51 - Genie Search API
Tue, 07/05/2019 09:14:51 - 
Tue, 07/05/2019 09:14:54 - Entity_id: 869186 Getting source code...
Tue, 07/05/2019 09:19:42 - 
Tue, 07/05/2019 09:19:42 - Genie Search API
Tue, 07/05/2019 09:19:42 - 
Tue, 07/05/2019 09:19:42 - Arquivo de configuração: C:/GitHub/i-code-genie/target/classes/geniesearchapi.properties
Tue, 07/05/2019 09:19:42 - 
Tue, 07/05/2019 09:19:42 - input-repo = D:\Sourcerer_portable\repositories\test_repo
Tue, 07/05/2019 09:19:42 - database-url = jdbc:mysql://localhost:3306/test_repo
Tue, 07/05/2019 09:19:42 - database-user = root
Tue, 07/05/2019 09:19:42 - database-password = ***
Tue, 07/05/2019 09:19:42 - webserver-url = http://localhost:8080
Tue, 07/05/2019 09:19:42 - 
Tue, 07/05/2019 09:19:42 - Genie Search API
Tue, 07/05/2019 09:19:42 - 
Tue, 07/05/2019 09:19:45 - Entity_id: 869186 Getting source code...
Tue, 07/05/2019 09:20:46 - 
Tue, 07/05/2019 09:20:46 - Genie Search API
Tue, 07/05/2019 09:20:46 - 
Tue, 07/05/2019 09:20:46 - Arquivo de configuração: C:/GitHub/i-code-genie/target/classes/geniesearchapi.properties
Tue, 07/05/2019 09:20:46 - 
Tue, 07/05/2019 09:20:46 - input-repo = D:\Sourcerer_portable\repositories\test_repo
Tue, 07/05/2019 09:20:46 - database-url = jdbc:mysql://localhost:3306/test_repo
Tue, 07/05/2019 09:20:46 - database-user = root
Tue, 07/05/2019 09:20:46 - database-password = ***
Tue, 07/05/2019 09:20:46 - webserver-url = http://localhost:8080
Tue, 07/05/2019 09:20:46 - 
Tue, 07/05/2019 09:20:46 - Genie Search API
Tue, 07/05/2019 09:20:46 - 
Tue, 07/05/2019 09:20:47 - Entity_id: 869186 Getting source code...
Tue, 07/05/2019 09:22:14 - 
Tue, 07/05/2019 09:22:14 - Genie Search API
Tue, 07/05/2019 09:22:14 - 
Tue, 07/05/2019 09:22:14 - Arquivo de configuração: C:/GitHub/i-code-genie/target/classes/geniesearchapi.properties
Tue, 07/05/2019 09:22:14 - 
Tue, 07/05/2019 09:22:14 - input-repo = D:\Sourcerer_portable\repositories\test_repo
Tue, 07/05/2019 09:22:14 - database-url = jdbc:mysql://localhost:3306/test_repo
Tue, 07/05/2019 09:22:14 - database-user = root
Tue, 07/05/2019 09:22:14 - database-password = ***
Tue, 07/05/2019 09:22:14 - webserver-url = http://localhost:8080
Tue, 07/05/2019 09:22:14 - 
Tue, 07/05/2019 09:22:14 - Genie Search API
Tue, 07/05/2019 09:22:14 - 
Tue, 07/05/2019 09:22:16 - Entity_id: 869186 Getting source code...
Tue, 07/05/2019 09:23:25 - 
Tue, 07/05/2019 09:23:25 - Genie Search API
Tue, 07/05/2019 09:23:25 - 
Tue, 07/05/2019 09:23:25 - Arquivo de configuração: C:/GitHub/i-code-genie/target/classes/geniesearchapi.properties
Tue, 07/05/2019 09:23:25 - 
Tue, 07/05/2019 09:23:25 - input-repo = D:\Sourcerer_portable\repositories\test_repo
Tue, 07/05/2019 09:23:25 - database-url = jdbc:mysql://localhost:3306/test_repo
Tue, 07/05/2019 09:23:25 - database-user = root
Tue, 07/05/2019 09:23:25 - database-password = ***
Tue, 07/05/2019 09:23:25 - webserver-url = http://localhost:8080
Tue, 07/05/2019 09:23:25 - 
Tue, 07/05/2019 09:23:25 - Genie Search API
Tue, 07/05/2019 09:23:25 - 
Tue, 07/05/2019 09:23:26 - Entity_id: 869186 Getting source code...
Tue, 07/05/2019 09:24:24 - 
Tue, 07/05/2019 09:24:24 - Genie Search API
Tue, 07/05/2019 09:24:24 - 
Tue, 07/05/2019 09:24:24 - Arquivo de configuração: C:/GitHub/i-code-genie/target/classes/geniesearchapi.properties
Tue, 07/05/2019 09:24:24 - 
Tue, 07/05/2019 09:24:24 - input-repo = D:\Sourcerer_portable\repositories\test_repo
Tue, 07/05/2019 09:24:24 - database-url = jdbc:mysql://localhost:3306/test_repo
Tue, 07/05/2019 09:24:24 - database-user = root
Tue, 07/05/2019 09:24:24 - database-password = ***
Tue, 07/05/2019 09:24:24 - webserver-url = http://localhost:8080
Tue, 07/05/2019 09:24:24 - 
Tue, 07/05/2019 09:24:24 - Genie Search API
Tue, 07/05/2019 09:24:24 - 
Tue, 07/05/2019 09:24:25 - Entity_id: 869186 Getting source code...
Tue, 07/05/2019 09:30:08 - Entity_id: 869186 Getting source code...
Tue, 07/05/2019 09:44:29 - 
Tue, 07/05/2019 09:44:29 - Genie Search API
Tue, 07/05/2019 09:44:29 - 
Tue, 07/05/2019 09:44:29 - Arquivo de configuração: C:/GitHub/i-code-genie/target/classes/geniesearchapi.properties
Tue, 07/05/2019 09:44:29 - 
Tue, 07/05/2019 09:44:29 - input-repo = D:\Sourcerer_portable\repositories\test_repo
Tue, 07/05/2019 09:44:29 - database-url = jdbc:mysql://localhost:3306/test_repo
Tue, 07/05/2019 09:44:29 - database-user = root
Tue, 07/05/2019 09:44:29 - database-password = ***
Tue, 07/05/2019 09:44:29 - webserver-url = http://localhost:8080
Tue, 07/05/2019 09:44:29 - 
Tue, 07/05/2019 09:44:29 - Genie Search API
Tue, 07/05/2019 09:44:29 - 
Tue, 07/05/2019 09:44:38 - Entity_id: 869186 Getting source code...
Tue, 07/05/2019 09:48:52 - 
Tue, 07/05/2019 09:48:52 - Genie Search API
Tue, 07/05/2019 09:48:52 - 
Tue, 07/05/2019 09:48:52 - Arquivo de configuração: C:/GitHub/i-code-genie/target/classes/geniesearchapi.properties
Tue, 07/05/2019 09:48:52 - 
Tue, 07/05/2019 09:48:52 - input-repo = D:\Sourcerer_portable\repositories\test_repo
Tue, 07/05/2019 09:48:52 - database-url = jdbc:mysql://localhost:3306/test_repo
Tue, 07/05/2019 09:48:52 - database-user = root
Tue, 07/05/2019 09:48:52 - database-password = ***
Tue, 07/05/2019 09:48:52 - webserver-url = http://localhost:8080
Tue, 07/05/2019 09:48:52 - 
Tue, 07/05/2019 09:48:52 - Genie Search API
Tue, 07/05/2019 09:48:52 - 
Tue, 07/05/2019 09:49:44 - Entity_id: 869186 Getting source code...
Tue, 07/05/2019 09:53:33 - 
Tue, 07/05/2019 09:53:33 - Genie Search API
Tue, 07/05/2019 09:53:33 - 
Tue, 07/05/2019 09:53:33 - Arquivo de configuração: C:/GitHub/i-code-genie/target/classes/geniesearchapi.properties
Tue, 07/05/2019 09:53:33 - 
Tue, 07/05/2019 09:53:33 - input-repo = D:\Sourcerer_portable\repositories\test_repo
Tue, 07/05/2019 09:53:33 - database-url = jdbc:mysql://localhost:3306/test_repo
Tue, 07/05/2019 09:53:33 - database-user = root
Tue, 07/05/2019 09:53:33 - database-password = ***
Tue, 07/05/2019 09:53:33 - webserver-url = http://localhost:8080
Tue, 07/05/2019 09:53:33 - 
Tue, 07/05/2019 09:53:33 - Genie Search API
Tue, 07/05/2019 09:53:33 - 
Tue, 07/05/2019 09:53:48 - Entity_id: 869186 Getting source code...
Tue, 07/05/2019 09:53:52 - Entity_id: 869186 Slicing...
Tue, 07/05/2019 09:53:52 - Entity_id: 869186 Generating compiled jar...
Tue, 07/05/2019 09:53:52 - Entity_id: 869186 Slicing...
Tue, 07/05/2019 09:53:52 - Entity_id: 869186 Extracting sliced zip file...
Tue, 07/05/2019 09:53:52 - Entity_id: 869186 Generating Build.xml...
Tue, 07/05/2019 09:54:46 - 
Tue, 07/05/2019 09:54:46 - Genie Search API
Tue, 07/05/2019 09:54:46 - 
Tue, 07/05/2019 09:54:46 - Arquivo de configuração: C:/GitHub/i-code-genie/target/classes/geniesearchapi.properties
Tue, 07/05/2019 09:54:46 - 
Tue, 07/05/2019 09:54:46 - input-repo = D:\Sourcerer_portable\repositories\test_repo
Tue, 07/05/2019 09:54:46 - database-url = jdbc:mysql://localhost:3306/test_repo
Tue, 07/05/2019 09:54:46 - database-user = root
Tue, 07/05/2019 09:54:46 - database-password = ***
Tue, 07/05/2019 09:54:46 - webserver-url = http://localhost:8080
Tue, 07/05/2019 09:54:46 - 
Tue, 07/05/2019 09:54:46 - Genie Search API
Tue, 07/05/2019 09:54:46 - 
Tue, 07/05/2019 09:56:04 - 
Tue, 07/05/2019 09:56:04 - Genie Search API
Tue, 07/05/2019 09:56:04 - 
Tue, 07/05/2019 09:56:04 - Arquivo de configuração: C:/GitHub/i-code-genie/target/classes/geniesearchapi.properties
Tue, 07/05/2019 09:56:04 - 
Tue, 07/05/2019 09:56:04 - input-repo = D:\Sourcerer_portable\repositories\test_repo
Tue, 07/05/2019 09:56:04 - database-url = jdbc:mysql://localhost:3306/test_repo
Tue, 07/05/2019 09:56:04 - database-user = root
Tue, 07/05/2019 09:56:04 - database-password = ***
Tue, 07/05/2019 09:56:04 - webserver-url = http://localhost:8080
Tue, 07/05/2019 09:56:04 - 
Tue, 07/05/2019 09:56:04 - Genie Search API
Tue, 07/05/2019 09:56:04 - 
Tue, 07/05/2019 10:21:50 - 
Tue, 07/05/2019 10:21:50 - Genie Search API
Tue, 07/05/2019 10:21:50 - 
Tue, 07/05/2019 10:21:50 - Arquivo de configuração: C:/GitHub/i-code-genie/target/classes/geniesearchapi.properties
Tue, 07/05/2019 10:21:50 - 
Tue, 07/05/2019 10:21:50 - input-repo = D:\Sourcerer_portable\repositories\test_repo
Tue, 07/05/2019 10:21:50 - database-url = jdbc:mysql://localhost:3306/test_repo
Tue, 07/05/2019 10:21:50 - database-user = root
Tue, 07/05/2019 10:21:50 - database-password = ***
Tue, 07/05/2019 10:21:50 - webserver-url = http://localhost:8080
Tue, 07/05/2019 10:21:50 - 
Tue, 07/05/2019 10:21:50 - Genie Search API
Tue, 07/05/2019 10:21:50 - 
Tue, 07/05/2019 10:22:38 - Entity_id: 869186 Getting source code...
Tue, 07/05/2019 10:23:30 - 
Tue, 07/05/2019 10:23:30 - Genie Search API
Tue, 07/05/2019 10:23:30 - 
Tue, 07/05/2019 10:23:30 - Arquivo de configuração: C:/GitHub/i-code-genie/target/classes/geniesearchapi.properties
Tue, 07/05/2019 10:23:30 - 
Tue, 07/05/2019 10:23:30 - input-repo = D:\Sourcerer_portable\repositories\test_repo
Tue, 07/05/2019 10:23:30 - database-url = jdbc:mysql://localhost:3306/test_repo
Tue, 07/05/2019 10:23:30 - database-user = root
Tue, 07/05/2019 10:23:30 - database-password = ***
Tue, 07/05/2019 10:23:30 - webserver-url = http://localhost:8080
Tue, 07/05/2019 10:23:30 - 
Tue, 07/05/2019 10:23:30 - Genie Search API
Tue, 07/05/2019 10:23:30 - 
Tue, 07/05/2019 10:23:35 - Entity_id: 869186 Getting source code...
Tue, 07/05/2019 10:23:51 - Entity_id: 869186 Executing method...
Tue, 07/05/2019 10:23:51 - Executing Method: public static byte org.javathena.core.utiles.Functions.parseIntToByte(int) throws java.lang.Exception
Tue, 07/05/2019 10:23:51 - With values: 300
Tue, 07/05/2019 10:23:51 - Result = 44
Tue, 07/05/2019 10:23:51 - 
Tue, 07/05/2019 10:29:23 - 
Tue, 07/05/2019 10:29:23 - Genie Search API
Tue, 07/05/2019 10:29:23 - 
Tue, 07/05/2019 10:29:23 - Arquivo de configuração: C:/GitHub/i-code-genie/target/classes/geniesearchapi.properties
Tue, 07/05/2019 10:29:23 - 
Tue, 07/05/2019 10:29:23 - input-repo = D:\Sourcerer_portable\repositories\test_repo
Tue, 07/05/2019 10:29:23 - database-url = jdbc:mysql://localhost:3306/test_repo
Tue, 07/05/2019 10:29:23 - database-user = root
Tue, 07/05/2019 10:29:23 - database-password = ***
Tue, 07/05/2019 10:29:23 - webserver-url = http://localhost:8080
Tue, 07/05/2019 10:29:23 - 
Tue, 07/05/2019 10:29:23 - Genie Search API
Tue, 07/05/2019 10:29:23 - 
Tue, 07/05/2019 10:29:29 - Entity_id: 869186 Getting source code...
Tue, 07/05/2019 10:29:38 - Entity_id: 869186 Executing method...
Tue, 07/05/2019 10:30:37 - 
Tue, 07/05/2019 10:30:37 - Genie Search API
Tue, 07/05/2019 10:30:37 - 
Tue, 07/05/2019 10:30:37 - Arquivo de configuração: C:/GitHub/i-code-genie/target/classes/geniesearchapi.properties
Tue, 07/05/2019 10:30:37 - 
Tue, 07/05/2019 10:30:37 - input-repo = D:\Sourcerer_portable\repositories\test_repo
Tue, 07/05/2019 10:30:37 - database-url = jdbc:mysql://localhost:3306/test_repo
Tue, 07/05/2019 10:30:37 - database-user = root
Tue, 07/05/2019 10:30:37 - database-password = ***
Tue, 07/05/2019 10:30:37 - webserver-url = http://localhost:8080
Tue, 07/05/2019 10:30:37 - 
Tue, 07/05/2019 10:30:37 - Genie Search API
Tue, 07/05/2019 10:30:37 - 
Tue, 07/05/2019 10:30:42 - Entity_id: 869186 Getting source code...
Tue, 07/05/2019 10:30:45 - Entity_id: 869186 Executing method...
Tue, 07/05/2019 10:30:59 - Entity_id: 869186 Executing method...
Tue, 07/05/2019 10:31:24 - 
Tue, 07/05/2019 10:31:24 - Genie Search API
Tue, 07/05/2019 10:31:24 - 
Tue, 07/05/2019 10:31:24 - Arquivo de configuração: C:/GitHub/i-code-genie/target/classes/geniesearchapi.properties
Tue, 07/05/2019 10:31:24 - 
Tue, 07/05/2019 10:31:24 - input-repo = D:\Sourcerer_portable\repositories\test_repo
Tue, 07/05/2019 10:31:24 - database-url = jdbc:mysql://localhost:3306/test_repo
Tue, 07/05/2019 10:31:24 - database-user = root
Tue, 07/05/2019 10:31:24 - database-password = ***
Tue, 07/05/2019 10:31:24 - webserver-url = http://localhost:8080
Tue, 07/05/2019 10:31:24 - 
Tue, 07/05/2019 10:31:24 - Genie Search API
Tue, 07/05/2019 10:31:24 - 
Tue, 07/05/2019 10:31:29 - Entity_id: 869186 Getting source code...
Tue, 07/05/2019 10:31:33 - Entity_id: 869186 Executing method...
Tue, 07/05/2019 10:31:55 - Entity_id: 869186 Executing method...
Tue, 07/05/2019 10:31:55 - Executing Method: public static byte org.javathena.core.utiles.Functions.parseIntToByte(int) throws java.lang.Exception
Tue, 07/05/2019 10:31:55 - With values: 20
Tue, 07/05/2019 10:31:55 - Result = 20
Tue, 07/05/2019 10:31:55 - 
Tue, 07/05/2019 10:38:43 - 
Tue, 07/05/2019 10:38:43 - Genie Search API
Tue, 07/05/2019 10:38:43 - 
Tue, 07/05/2019 10:38:43 - Arquivo de configuração: C:/GitHub/i-code-genie/target/classes/geniesearchapi.properties
Tue, 07/05/2019 10:38:43 - 
Tue, 07/05/2019 10:38:43 - input-repo = D:\Sourcerer_portable\repositories\test_repo
Tue, 07/05/2019 10:38:43 - database-url = jdbc:mysql://localhost:3306/test_repo
Tue, 07/05/2019 10:38:43 - database-user = root
Tue, 07/05/2019 10:38:43 - database-password = ***
Tue, 07/05/2019 10:38:43 - webserver-url = http://localhost:8080
Tue, 07/05/2019 10:38:43 - 
Tue, 07/05/2019 10:38:43 - Genie Search API
Tue, 07/05/2019 10:38:43 - 
Tue, 07/05/2019 10:38:52 - Entity_id: 869186 Getting source code...
Tue, 07/05/2019 10:38:57 - Entity_id: 869186 Executing method...
Tue, 07/05/2019 10:39:34 - Entity_id: 869186 Getting source code...
Tue, 07/05/2019 10:39:42 - Entity_id: 869186 Executing method...
Tue, 07/05/2019 10:39:58 - Entity_id: 869186 Getting source code...
Tue, 07/05/2019 10:40:13 - 
Tue, 07/05/2019 10:40:13 - Genie Search API
Tue, 07/05/2019 10:40:13 - 
Tue, 07/05/2019 10:40:13 - Arquivo de configuração: C:/GitHub/i-code-genie/target/classes/geniesearchapi.properties
Tue, 07/05/2019 10:40:13 - 
Tue, 07/05/2019 10:40:13 - input-repo = D:\Sourcerer_portable\repositories\test_repo
Tue, 07/05/2019 10:40:13 - database-url = jdbc:mysql://localhost:3306/test_repo
Tue, 07/05/2019 10:40:13 - database-user = root
Tue, 07/05/2019 10:40:13 - database-password = ***
Tue, 07/05/2019 10:40:13 - webserver-url = http://localhost:8080
Tue, 07/05/2019 10:40:13 - 
Tue, 07/05/2019 10:40:13 - Genie Search API
Tue, 07/05/2019 10:40:13 - 
Tue, 07/05/2019 10:40:20 - Entity_id: 869186 Getting source code...
Tue, 07/05/2019 10:40:25 - Entity_id: 869186 Executing method...
Tue, 07/05/2019 10:42:05 - 
Tue, 07/05/2019 10:42:05 - Genie Search API
Tue, 07/05/2019 10:42:05 - 
Tue, 07/05/2019 10:42:05 - Arquivo de configuração: C:/GitHub/i-code-genie/target/classes/geniesearchapi.properties
Tue, 07/05/2019 10:42:05 - 
Tue, 07/05/2019 10:42:05 - input-repo = D:\Sourcerer_portable\repositories\test_repo
Tue, 07/05/2019 10:42:05 - database-url = jdbc:mysql://localhost:3306/test_repo
Tue, 07/05/2019 10:42:05 - database-user = root
Tue, 07/05/2019 10:42:05 - database-password = ***
Tue, 07/05/2019 10:42:05 - webserver-url = http://localhost:8080
Tue, 07/05/2019 10:42:05 - 
Tue, 07/05/2019 10:42:05 - Genie Search API
Tue, 07/05/2019 10:42:05 - 
Tue, 07/05/2019 10:42:09 - Entity_id: 869186 Getting source code...
Tue, 07/05/2019 10:42:13 - Entity_id: 869186 Executing method...
Tue, 07/05/2019 10:42:38 - 
Tue, 07/05/2019 10:42:38 - Genie Search API
Tue, 07/05/2019 10:42:38 - 
Tue, 07/05/2019 10:42:38 - Arquivo de configuração: C:/GitHub/i-code-genie/target/classes/geniesearchapi.properties
Tue, 07/05/2019 10:42:38 - 
Tue, 07/05/2019 10:42:38 - input-repo = D:\Sourcerer_portable\repositories\test_repo
Tue, 07/05/2019 10:42:38 - database-url = jdbc:mysql://localhost:3306/test_repo
Tue, 07/05/2019 10:42:38 - database-user = root
Tue, 07/05/2019 10:42:38 - database-password = ***
Tue, 07/05/2019 10:42:38 - webserver-url = http://localhost:8080
Tue, 07/05/2019 10:42:38 - 
Tue, 07/05/2019 10:42:38 - Genie Search API
Tue, 07/05/2019 10:42:38 - 
Tue, 07/05/2019 10:44:20 - 
Tue, 07/05/2019 10:44:20 - Genie Search API
Tue, 07/05/2019 10:44:20 - 
Tue, 07/05/2019 10:44:20 - Arquivo de configuração: C:/GitHub/i-code-genie/target/classes/geniesearchapi.properties
Tue, 07/05/2019 10:44:20 - 
Tue, 07/05/2019 10:44:20 - input-repo = D:\Sourcerer_portable\repositories\test_repo
Tue, 07/05/2019 10:44:20 - database-url = jdbc:mysql://localhost:3306/test_repo
Tue, 07/05/2019 10:44:20 - database-user = root
Tue, 07/05/2019 10:44:20 - database-password = ***
Tue, 07/05/2019 10:44:20 - webserver-url = http://localhost:8080
Tue, 07/05/2019 10:44:20 - 
Tue, 07/05/2019 10:44:20 - Genie Search API
Tue, 07/05/2019 10:44:20 - 
Tue, 07/05/2019 10:44:26 - Entity_id: 869186 Getting source code...
Tue, 07/05/2019 10:44:31 - Entity_id: 869186 Executing method...
Tue, 07/05/2019 10:44:33 - Entity_id: 869186 Executing method...
Tue, 07/05/2019 10:44:36 - Entity_id: 869186 Executing method...
Tue, 07/05/2019 10:44:39 - Entity_id: 869186 Executing method...
Tue, 07/05/2019 10:44:39 - Executing Method: public static byte org.javathena.core.utiles.Functions.parseIntToByte(int) throws java.lang.Exception
Tue, 07/05/2019 10:44:39 - With values: 300
Tue, 07/05/2019 10:44:39 - Result = 44
Tue, 07/05/2019 10:44:39 - 
Tue, 07/05/2019 10:53:49 - 
Tue, 07/05/2019 10:53:49 - Genie Search API
Tue, 07/05/2019 10:53:49 - 
Tue, 07/05/2019 10:53:49 - Arquivo de configuração: C:/GitHub/i-code-genie/target/classes/geniesearchapi.properties
Tue, 07/05/2019 10:53:49 - 
Tue, 07/05/2019 10:53:49 - input-repo = D:\Sourcerer_portable\repositories\test_repo
Tue, 07/05/2019 10:53:49 - database-url = jdbc:mysql://localhost:3306/test_repo
Tue, 07/05/2019 10:53:49 - database-user = root
Tue, 07/05/2019 10:53:49 - database-password = ***
Tue, 07/05/2019 10:53:49 - webserver-url = http://localhost:8080
Tue, 07/05/2019 10:53:49 - 
Tue, 07/05/2019 10:53:49 - Genie Search API
Tue, 07/05/2019 10:53:49 - 
Tue, 07/05/2019 10:53:55 - Entity_id: 869186 Getting source code...
Tue, 07/05/2019 10:54:56 - 
Tue, 07/05/2019 10:54:56 - Genie Search API
Tue, 07/05/2019 10:54:56 - 
Tue, 07/05/2019 10:54:56 - Arquivo de configuração: C:/GitHub/i-code-genie/target/classes/geniesearchapi.properties
Tue, 07/05/2019 10:54:56 - 
Tue, 07/05/2019 10:54:56 - input-repo = D:\Sourcerer_portable\repositories\test_repo
Tue, 07/05/2019 10:54:56 - database-url = jdbc:mysql://localhost:3306/test_repo
Tue, 07/05/2019 10:54:56 - database-user = root
Tue, 07/05/2019 10:54:56 - database-password = ***
Tue, 07/05/2019 10:54:56 - webserver-url = http://localhost:8080
Tue, 07/05/2019 10:54:56 - 
Tue, 07/05/2019 10:54:56 - Genie Search API
Tue, 07/05/2019 10:54:56 - 
Tue, 07/05/2019 10:55:00 - Entity_id: 869186 Getting source code...
Tue, 07/05/2019 10:55:09 - Entity_id: 869186 Executing method...
Tue, 07/05/2019 10:55:47 - 
Tue, 07/05/2019 10:55:47 - Genie Search API
Tue, 07/05/2019 10:55:47 - 
Tue, 07/05/2019 10:55:47 - Arquivo de configuração: C:/GitHub/i-code-genie/target/classes/geniesearchapi.properties
Tue, 07/05/2019 10:55:47 - 
Tue, 07/05/2019 10:55:47 - input-repo = D:\Sourcerer_portable\repositories\test_repo
Tue, 07/05/2019 10:55:47 - database-url = jdbc:mysql://localhost:3306/test_repo
Tue, 07/05/2019 10:55:47 - database-user = root
Tue, 07/05/2019 10:55:47 - database-password = ***
Tue, 07/05/2019 10:55:47 - webserver-url = http://localhost:8080
Tue, 07/05/2019 10:55:47 - 
Tue, 07/05/2019 10:55:47 - Genie Search API
Tue, 07/05/2019 10:55:47 - 
Tue, 07/05/2019 10:55:52 - Entity_id: 869186 Getting source code...
Tue, 07/05/2019 10:55:59 - Entity_id: 869186 Executing method...
Tue, 07/05/2019 10:56:33 - 
Tue, 07/05/2019 10:56:33 - Genie Search API
Tue, 07/05/2019 10:56:33 - 
Tue, 07/05/2019 10:56:33 - Arquivo de configuração: C:/GitHub/i-code-genie/target/classes/geniesearchapi.properties
Tue, 07/05/2019 10:56:33 - 
Tue, 07/05/2019 10:56:33 - input-repo = D:\Sourcerer_portable\repositories\test_repo
Tue, 07/05/2019 10:56:33 - database-url = jdbc:mysql://localhost:3306/test_repo
Tue, 07/05/2019 10:56:33 - database-user = root
Tue, 07/05/2019 10:56:33 - database-password = ***
Tue, 07/05/2019 10:56:33 - webserver-url = http://localhost:8080
Tue, 07/05/2019 10:56:33 - 
Tue, 07/05/2019 10:56:33 - Genie Search API
Tue, 07/05/2019 10:56:33 - 
Tue, 07/05/2019 10:56:38 - Entity_id: 869186 Getting source code...
Tue, 07/05/2019 10:56:43 - Entity_id: 869186 Executing method...
Tue, 07/05/2019 10:57:15 - 
Tue, 07/05/2019 10:57:15 - Genie Search API
Tue, 07/05/2019 10:57:15 - 
Tue, 07/05/2019 10:57:15 - Arquivo de configuração: C:/GitHub/i-code-genie/target/classes/geniesearchapi.properties
Tue, 07/05/2019 10:57:15 - 
Tue, 07/05/2019 10:57:15 - input-repo = D:\Sourcerer_portable\repositories\test_repo
Tue, 07/05/2019 10:57:15 - database-url = jdbc:mysql://localhost:3306/test_repo
Tue, 07/05/2019 10:57:15 - database-user = root
Tue, 07/05/2019 10:57:15 - database-password = ***
Tue, 07/05/2019 10:57:15 - webserver-url = http://localhost:8080
Tue, 07/05/2019 10:57:15 - 
Tue, 07/05/2019 10:57:15 - Genie Search API
Tue, 07/05/2019 10:57:15 - 
Tue, 07/05/2019 10:57:21 - Entity_id: 869186 Getting source code...
Tue, 07/05/2019 10:57:23 - Entity_id: 869186 Executing method...
Tue, 07/05/2019 10:57:41 - 
Tue, 07/05/2019 10:57:41 - Genie Search API
Tue, 07/05/2019 10:57:41 - 
Tue, 07/05/2019 10:57:41 - Arquivo de configuração: C:/GitHub/i-code-genie/target/classes/geniesearchapi.properties
Tue, 07/05/2019 10:57:41 - 
Tue, 07/05/2019 10:57:41 - input-repo = D:\Sourcerer_portable\repositories\test_repo
Tue, 07/05/2019 10:57:41 - database-url = jdbc:mysql://localhost:3306/test_repo
Tue, 07/05/2019 10:57:41 - database-user = root
Tue, 07/05/2019 10:57:41 - database-password = ***
Tue, 07/05/2019 10:57:41 - webserver-url = http://localhost:8080
Tue, 07/05/2019 10:57:41 - 
Tue, 07/05/2019 10:57:41 - Genie Search API
Tue, 07/05/2019 10:57:41 - 
Tue, 07/05/2019 10:57:45 - Entity_id: 869186 Getting source code...
Tue, 07/05/2019 10:57:51 - Entity_id: 869186 Executing method...
Tue, 07/05/2019 10:58:09 - 
Tue, 07/05/2019 10:58:09 - Genie Search API
Tue, 07/05/2019 10:58:09 - 
Tue, 07/05/2019 10:58:09 - Arquivo de configuração: C:/GitHub/i-code-genie/target/classes/geniesearchapi.properties
Tue, 07/05/2019 10:58:09 - 
Tue, 07/05/2019 10:58:09 - input-repo = D:\Sourcerer_portable\repositories\test_repo
Tue, 07/05/2019 10:58:09 - database-url = jdbc:mysql://localhost:3306/test_repo
Tue, 07/05/2019 10:58:09 - database-user = root
Tue, 07/05/2019 10:58:09 - database-password = ***
Tue, 07/05/2019 10:58:09 - webserver-url = http://localhost:8080
Tue, 07/05/2019 10:58:09 - 
Tue, 07/05/2019 10:58:09 - Genie Search API
Tue, 07/05/2019 10:58:09 - 
Tue, 07/05/2019 10:58:13 - Entity_id: 869186 Getting source code...
Tue, 07/05/2019 10:58:19 - Entity_id: 869186 Executing method...
Tue, 07/05/2019 10:58:49 - 
Tue, 07/05/2019 10:58:49 - Genie Search API
Tue, 07/05/2019 10:58:49 - 
Tue, 07/05/2019 10:58:49 - Arquivo de configuração: C:/GitHub/i-code-genie/target/classes/geniesearchapi.properties
Tue, 07/05/2019 10:58:49 - 
Tue, 07/05/2019 10:58:49 - input-repo = D:\Sourcerer_portable\repositories\test_repo
Tue, 07/05/2019 10:58:49 - database-url = jdbc:mysql://localhost:3306/test_repo
Tue, 07/05/2019 10:58:49 - database-user = root
Tue, 07/05/2019 10:58:49 - database-password = ***
Tue, 07/05/2019 10:58:49 - webserver-url = http://localhost:8080
Tue, 07/05/2019 10:58:49 - 
Tue, 07/05/2019 10:58:49 - Genie Search API
Tue, 07/05/2019 10:58:49 - 
Tue, 07/05/2019 10:58:55 - Entity_id: 869186 Getting source code...
Tue, 07/05/2019 10:59:02 - Entity_id: 869186 Executing method...
Tue, 07/05/2019 10:59:02 - Executing Method: public static byte org.javathena.core.utiles.Functions.parseIntToByte(int) throws java.lang.Exception
Tue, 07/05/2019 10:59:02 - With values: 22
Tue, 07/05/2019 10:59:02 - Result = 22
Tue, 07/05/2019 10:59:02 - 
Tue, 07/05/2019 10:59:06 - Entity_id: 869186 Executing method...
Tue, 07/05/2019 10:59:06 - Executing Method: public static byte org.javathena.core.utiles.Functions.parseIntToByte(int) throws java.lang.Exception
Tue, 07/05/2019 10:59:06 - With values: 22
Tue, 07/05/2019 10:59:06 - Result = 22
Tue, 07/05/2019 10:59:06 - 
Tue, 07/05/2019 10:59:09 - Entity_id: 869186 Executing method...
Tue, 07/05/2019 10:59:09 - Executing Method: public static byte org.javathena.core.utiles.Functions.parseIntToByte(int) throws java.lang.Exception
Tue, 07/05/2019 10:59:09 - With values: 22
Tue, 07/05/2019 10:59:09 - Result = 22
Tue, 07/05/2019 10:59:09 - 
Tue, 07/05/2019 10:59:13 - Entity_id: 869186 Executing method...
Tue, 07/05/2019 10:59:13 - Executing Method: public static byte org.javathena.core.utiles.Functions.parseIntToByte(int) throws java.lang.Exception
Tue, 07/05/2019 10:59:13 - With values: 300
Tue, 07/05/2019 10:59:13 - Result = 44
Tue, 07/05/2019 10:59:13 - 
Tue, 07/05/2019 10:59:17 - Entity_id: 869186 Executing method...
Tue, 07/05/2019 10:59:17 - Executing Method: public static byte org.javathena.core.utiles.Functions.parseIntToByte(int) throws java.lang.Exception
Tue, 07/05/2019 10:59:17 - With values: 10
Tue, 07/05/2019 10:59:17 - Result = 10
Tue, 07/05/2019 10:59:17 - 
Tue, 07/05/2019 10:59:25 - Entity_id: 869186 Executing method...
Tue, 07/05/2019 10:59:25 - Executing Method: public static byte org.javathena.core.utiles.Functions.parseIntToByte(int) throws java.lang.Exception
Tue, 07/05/2019 10:59:25 - With values: 17
Tue, 07/05/2019 10:59:25 - Result = 17
Tue, 07/05/2019 10:59:25 - 
Tue, 07/05/2019 10:59:31 - Entity_id: 869186 Executing method...
Tue, 07/05/2019 10:59:31 - Executing Method: public static byte org.javathena.core.utiles.Functions.parseIntToByte(int) throws java.lang.Exception
Tue, 07/05/2019 10:59:31 - With values: 400
Tue, 07/05/2019 10:59:49 - Entity_id: 869186 Executing method...
Tue, 07/05/2019 10:59:49 - Executing Method: public static byte org.javathena.core.utiles.Functions.parseIntToByte(int) throws java.lang.Exception
Tue, 07/05/2019 10:59:49 - With values: 20
Tue, 07/05/2019 10:59:49 - Result = 20
Tue, 07/05/2019 10:59:49 - 
Tue, 07/05/2019 10:59:51 - Entity_id: 869186 Executing method...
Tue, 07/05/2019 10:59:51 - Executing Method: public static byte org.javathena.core.utiles.Functions.parseIntToByte(int) throws java.lang.Exception
Tue, 07/05/2019 10:59:51 - With values: 300
Tue, 07/05/2019 10:59:51 - Result = 44
Tue, 07/05/2019 10:59:51 - 
Tue, 07/05/2019 10:59:54 - Entity_id: 869186 Executing method...
Tue, 07/05/2019 10:59:54 - Executing Method: public static byte org.javathena.core.utiles.Functions.parseIntToByte(int) throws java.lang.Exception
Tue, 07/05/2019 10:59:54 - With values: 500
Tue, 07/05/2019 11:00:46 - Entity_id: 869186 Executing method...
Tue, 07/05/2019 11:00:46 - Executing Method: public static byte org.javathena.core.utiles.Functions.parseIntToByte(int) throws java.lang.Exception
Tue, 07/05/2019 11:00:46 - With values: 300
Tue, 07/05/2019 11:00:46 - Result = 44
Tue, 07/05/2019 11:00:46 - 
Tue, 07/05/2019 11:02:30 - 
Tue, 07/05/2019 11:02:30 - Genie Search API
Tue, 07/05/2019 11:02:30 - 
Tue, 07/05/2019 11:02:30 - Arquivo de configuração: C:/GitHub/i-code-genie/target/classes/geniesearchapi.properties
Tue, 07/05/2019 11:02:30 - 
Tue, 07/05/2019 11:02:30 - input-repo = D:\Sourcerer_portable\repositories\test_repo
Tue, 07/05/2019 11:02:30 - database-url = jdbc:mysql://localhost:3306/test_repo
Tue, 07/05/2019 11:02:30 - database-user = root
Tue, 07/05/2019 11:02:30 - database-password = ***
Tue, 07/05/2019 11:02:30 - webserver-url = http://localhost:8080
Tue, 07/05/2019 11:02:30 - 
Tue, 07/05/2019 11:02:30 - Genie Search API
Tue, 07/05/2019 11:02:30 - 
Tue, 07/05/2019 11:03:26 - Entity_id: 869186 Getting source code...
Tue, 07/05/2019 11:03:46 - 
Tue, 07/05/2019 11:03:46 - Genie Search API
Tue, 07/05/2019 11:03:46 - 
Tue, 07/05/2019 11:03:46 - Arquivo de configuração: C:/GitHub/i-code-genie/target/classes/geniesearchapi.properties
Tue, 07/05/2019 11:03:46 - 
Tue, 07/05/2019 11:03:46 - input-repo = D:\Sourcerer_portable\repositories\test_repo
Tue, 07/05/2019 11:03:46 - database-url = jdbc:mysql://localhost:3306/test_repo
Tue, 07/05/2019 11:03:46 - database-user = root
Tue, 07/05/2019 11:03:46 - database-password = ***
Tue, 07/05/2019 11:03:46 - webserver-url = http://localhost:8080
Tue, 07/05/2019 11:03:46 - 
Tue, 07/05/2019 11:03:46 - Genie Search API
Tue, 07/05/2019 11:03:46 - 
Tue, 07/05/2019 11:04:19 - 
Tue, 07/05/2019 11:04:19 - Genie Search API
Tue, 07/05/2019 11:04:19 - 
Tue, 07/05/2019 11:04:19 - Arquivo de configuração: C:/GitHub/i-code-genie/target/classes/geniesearchapi.properties
Tue, 07/05/2019 11:04:19 - 
Tue, 07/05/2019 11:04:19 - input-repo = D:\Sourcerer_portable\repositories\test_repo
Tue, 07/05/2019 11:04:19 - database-url = jdbc:mysql://localhost:3306/test_repo
Tue, 07/05/2019 11:04:19 - database-user = root
Tue, 07/05/2019 11:04:19 - database-password = ***
Tue, 07/05/2019 11:04:19 - webserver-url = http://localhost:8080
Tue, 07/05/2019 11:04:19 - 
Tue, 07/05/2019 11:04:19 - Genie Search API
Tue, 07/05/2019 11:04:19 - 
Tue, 07/05/2019 11:05:23 - Entity_id: 869186 Getting source code...
Tue, 07/05/2019 11:10:21 - 
Tue, 07/05/2019 11:10:21 - Genie Search API
Tue, 07/05/2019 11:10:21 - 
Tue, 07/05/2019 11:10:21 - Arquivo de configuração: C:/GitHub/i-code-genie/target/classes/geniesearchapi.properties
Tue, 07/05/2019 11:10:21 - 
Tue, 07/05/2019 11:10:21 - input-repo = D:\Sourcerer_portable\repositories\test_repo
Tue, 07/05/2019 11:10:21 - database-url = jdbc:mysql://localhost:3306/test_repo
Tue, 07/05/2019 11:10:21 - database-user = root
Tue, 07/05/2019 11:10:21 - database-password = ***
Tue, 07/05/2019 11:10:21 - webserver-url = http://localhost:8080
Tue, 07/05/2019 11:10:21 - 
Tue, 07/05/2019 11:10:21 - Genie Search API
Tue, 07/05/2019 11:10:21 - 
